<?xml version="1.0" encoding="UTF-8" ?>
<testsuite tests="21" failures="0" name="CalculadoraJUnitTest" time="0.007" errors="0" skipped="0">
  <properties>
    <property name="java.runtime.name" value="OpenJDK Runtime Environment"/>
    <property name="java.vm.version" value="17.0.8.1+1-Ubuntu-0ubuntu123.04"/>
    <property name="sun.boot.library.path" value="/usr/lib/jvm/java-17-openjdk-amd64/lib"/>
    <property name="maven.multiModuleProjectDirectory" value="/home/vitorbizarra/java-projects/faculdade/4sem/calculadorajuint"/>
    <property name="java.vm.vendor" value="Private Build"/>
    <property name="java.vendor.url" value="Unknown"/>
    <property name="guice.disable.misplaced.annotation.check" value="true"/>
    <property name="path.separator" value=":"/>
    <property name="java.vm.name" value="OpenJDK 64-Bit Server VM"/>
    <property name="user.country" value="US"/>
    <property name="sun.java.launcher" value="SUN_STANDARD"/>
    <property name="java.vm.specification.name" value="Java Virtual Machine Specification"/>
    <property name="user.dir" value="/home/vitorbizarra/java-projects/faculdade/4sem/calculadorajuint"/>
    <property name="java.vm.compressedOopsMode" value="32-bit"/>
    <property name="java.runtime.version" value="17.0.8.1+1-Ubuntu-0ubuntu123.04"/>
    <property name="os.arch" value="amd64"/>
    <property name="java.io.tmpdir" value="/tmp"/>
    <property name="line.separator" value="
"/>
    <property name="java.vm.specification.vendor" value="Oracle Corporation"/>
    <property name="os.name" value="Linux"/>
    <property name="classworlds.conf" value="/usr/share/maven/bin/m2.conf"/>
    <property name="sun.jnu.encoding" value="UTF-8"/>
    <property name="java.library.path" value="/usr/java/packages/lib:/usr/lib/x86_64-linux-gnu/jni:/lib/x86_64-linux-gnu:/usr/lib/x86_64-linux-gnu:/usr/lib/jni:/lib:/usr/lib"/>
    <property name="maven.conf" value="/usr/share/maven/conf"/>
    <property name="jdk.debug" value="release"/>
    <property name="java.class.version" value="61.0"/>
    <property name="java.specification.name" value="Java Platform API Specification"/>
    <property name="sun.management.compiler" value="HotSpot 64-Bit Tiered Compilers"/>
    <property name="os.version" value="6.2.0-32-generic"/>
    <property name="library.jansi.path" value="/usr/share/maven/lib/jansi-native"/>
    <property name="user.home" value="/home/vitorbizarra"/>
    <property name="user.timezone" value="America/Sao_Paulo"/>
    <property name="file.encoding" value="UTF-8"/>
    <property name="java.specification.version" value="17"/>
    <property name="user.name" value="vitorbizarra"/>
    <property name="java.class.path" value="/usr/share/maven/boot/plexus-classworlds-2.x.jar"/>
    <property name="java.vm.specification.version" value="17"/>
    <property name="sun.arch.data.model" value="64"/>
    <property name="sun.java.command" value="org.codehaus.plexus.classworlds.launcher.Launcher test"/>
    <property name="java.home" value="/usr/lib/jvm/java-17-openjdk-amd64"/>
    <property name="user.language" value="en"/>
    <property name="java.specification.vendor" value="Oracle Corporation"/>
    <property name="java.vm.info" value="mixed mode, sharing"/>
    <property name="java.version" value="17.0.8.1"/>
    <property name="native.encoding" value="UTF-8"/>
    <property name="java.vendor" value="Private Build"/>
    <property name="sun.stderr.encoding" value="UTF-8"/>
    <property name="maven.home" value="/usr/share/maven"/>
    <property name="file.separator" value="/"/>
    <property name="java.version.date" value="2023-08-24"/>
    <property name="java.vendor.url.bug" value="Unknown"/>
    <property name="sun.io.unicode.encoding" value="UnicodeLittle"/>
    <property name="sun.cpu.endian" value="little"/>
    <property name="sun.stdout.encoding" value="UTF-8"/>
  </properties>
  <testcase classname="CalculadoraJUnitTest" name="somarNumeroInteiroENumeroNegativo" time="0.003"/>
  <testcase classname="CalculadoraJUnitTest" name="subtrairZeroDeZero" time="0"/>
  <testcase classname="CalculadoraJUnitTest" name="dividirInteiroPorInteiro" time="0"/>
  <testcase classname="CalculadoraJUnitTest" name="subtrairInteiroDeZero" time="0"/>
  <testcase classname="CalculadoraJUnitTest" name="somarUmNumeroInteiroEZero" time="0"/>
  <testcase classname="CalculadoraJUnitTest" name="dividirNegativoPorNegativo" time="0"/>
  <testcase classname="CalculadoraJUnitTest" name="subtrairInteiroDeInteiro" time="0"/>
  <testcase classname="CalculadoraJUnitTest" name="multiplicarInteiroPorZero" time="0"/>
  <testcase classname="CalculadoraJUnitTest" name="subtrairNegativoDeNegativo" time="0"/>
  <testcase classname="CalculadoraJUnitTest" name="somarDoisNumerosPositivos" time="0.001"/>
  <testcase classname="CalculadoraJUnitTest" name="dividirInteiroPorZero" time="0.002"/>
  <testcase classname="CalculadoraJUnitTest" name="multiplicarInteiroPorNegativo" time="0"/>
  <testcase classname="CalculadoraJUnitTest" name="multiplicarZeroPorZero" time="0"/>
  <testcase classname="CalculadoraJUnitTest" name="dividirInteiroPorNegativo" time="0"/>
  <testcase classname="CalculadoraJUnitTest" name="somarDoisZeros" time="0"/>
  <testcase classname="CalculadoraJUnitTest" name="somarDoisNumerosNegativos" time="0.001"/>
  <testcase classname="CalculadoraJUnitTest" name="somarNumeroNegativoEZero" time="0"/>
  <testcase classname="CalculadoraJUnitTest" name="subtrairZeroDeInteiro" time="0"/>
  <testcase classname="CalculadoraJUnitTest" name="subtrairNegativoDeInteiro" time="0"/>
  <testcase classname="CalculadoraJUnitTest" name="multiplicarInteiroPorInteiro" time="0"/>
  <testcase classname="CalculadoraJUnitTest" name="multiplicarNegativoPorNegativo" time="0"/>
</testsuite>